The target system is: Generic -  - ARM
The host system is: Linux - 5.15.0-139-generic - x86_64
Compiling the C compiler identification source file "CMakeCCompilerId.c" succeeded.
Compiler: /usr/bin/arm-none-eabi-gcc 
Build flags: 
Id flags: -c 

The output was:
0


Compilation of the C compiler identification source "CMakeCCompilerId.c" produced "CMakeCCompilerId.o"

The C compiler identification is GNU, found in "/home/yedidia/github/FalconDrone/build/CMakeFiles/3.16.3/CompilerIdC/CMakeCCompilerId.o"

Compiling the CXX compiler identification source file "CMakeCXXCompilerId.cpp" succeeded.
Compiler: /usr/bin/arm-none-eabi-g++ 
Build flags: 
Id flags: -c 

The output was:
0


Compilation of the CXX compiler identification source "CMakeCXXCompilerId.cpp" produced "CMakeCXXCompilerId.o"

The CXX compiler identification is GNU, found in "/home/yedidia/github/FalconDrone/build/CMakeFiles/3.16.3/CompilerIdCXX/CMakeCXXCompilerId.o"

Checking whether the ASM compiler is GNU using "--version" matched "(GNU assembler)|(GCC)|(Free Software Foundation)":
arm-none-eabi-gcc (15:9-2019-q4-0ubuntu1) 9.2.1 20191025 (release) [ARM/arm-9-branch revision 277599]
Copyright (C) 2019 Free Software Foundation, Inc.
This is free software; see the source for copying conditions.  There is NO
warranty; not even for MERCHANTABILITY or FITNESS FOR A PARTICULAR PURPOSE.

Determining if the C compiler works passed with the following output:
Change Dir: /home/yedidia/github/FalconDrone/build/CMakeFiles/CMakeTmp

Run Build Command(s):/usr/bin/make cmTC_7a75e/fast && /usr/bin/make -f CMakeFiles/cmTC_7a75e.dir/build.make CMakeFiles/cmTC_7a75e.dir/build
make[1]: Entering directory '/home/yedidia/github/FalconDrone/build/CMakeFiles/CMakeTmp'
Building C object CMakeFiles/cmTC_7a75e.dir/testCCompiler.c.obj
/usr/bin/arm-none-eabi-gcc   -mcpu=cortex-m4 -mthumb -mfpu=fpv4-sp-d16 -mfloat-abi=hard -O2 -ffunction-sections -fdata-sections -o CMakeFiles/cmTC_7a75e.dir/testCCompiler.c.obj   -c /home/yedidia/github/FalconDrone/build/CMakeFiles/CMakeTmp/testCCompiler.c
Linking C static library libcmTC_7a75e.a
/usr/bin/cmake -P CMakeFiles/cmTC_7a75e.dir/cmake_clean_target.cmake
/usr/bin/cmake -E cmake_link_script CMakeFiles/cmTC_7a75e.dir/link.txt --verbose=1
/usr/bin/arm-none-eabi-ar qc libcmTC_7a75e.a  CMakeFiles/cmTC_7a75e.dir/testCCompiler.c.obj
/usr/bin/arm-none-eabi-ranlib libcmTC_7a75e.a
make[1]: Leaving directory '/home/yedidia/github/FalconDrone/build/CMakeFiles/CMakeTmp'



Detecting C compiler ABI info compiled with the following output:
Change Dir: /home/yedidia/github/FalconDrone/build/CMakeFiles/CMakeTmp

Run Build Command(s):/usr/bin/make cmTC_e277d/fast && /usr/bin/make -f CMakeFiles/cmTC_e277d.dir/build.make CMakeFiles/cmTC_e277d.dir/build
make[1]: Entering directory '/home/yedidia/github/FalconDrone/build/CMakeFiles/CMakeTmp'
Building C object CMakeFiles/cmTC_e277d.dir/CMakeCCompilerABI.c.obj
/usr/bin/arm-none-eabi-gcc   -v -mcpu=cortex-m4 -mthumb -mfpu=fpv4-sp-d16 -mfloat-abi=hard -O2 -ffunction-sections -fdata-sections -o CMakeFiles/cmTC_e277d.dir/CMakeCCompilerABI.c.obj   -c /usr/share/cmake-3.16/Modules/CMakeCCompilerABI.c
Using built-in specs.
COLLECT_GCC=/usr/bin/arm-none-eabi-gcc
Target: arm-none-eabi
Configured with: ../configure --build=x86_64-linux-gnu --prefix=/usr --includedir='/usr/lib/include' --mandir='/usr/lib/share/man' --infodir='/usr/lib/share/info' --sysconfdir=/etc --localstatedir=/var --disable-silent-rules --libdir='/usr/lib/lib/x86_64-linux-gnu' --libexecdir='/usr/lib/lib/x86_64-linux-gnu' --disable-maintainer-mode --disable-dependency-tracking --mandir=/usr/share/man --enable-languages=c,c++,lto --enable-multilib --disable-decimal-float --disable-libffi --disable-libgomp --disable-libmudflap --disable-libquadmath --disable-libssp --disable-libstdcxx-pch --disable-nls --disable-shared --disable-threads --enable-tls --build=x86_64-linux-gnu --target=arm-none-eabi --with-system-zlib --with-gnu-as --with-gnu-ld --with-pkgversion=15:9-2019-q4-0ubuntu1 --without-included-gettext --prefix=/usr/lib --infodir=/usr/share/doc/gcc-arm-none-eabi/info --htmldir=/usr/share/doc/gcc-arm-none-eabi/html --pdfdir=/usr/share/doc/gcc-arm-none-eabi/pdf --bindir=/usr/bin --libexecdir=/usr/lib --libdir=/usr/lib --disable-libstdc++-v3 --host=x86_64-linux-gnu --with-headers=no --without-newlib --with-multilib-list=rmprofile CFLAGS='-g -O2 -fdebug-prefix-map=/build/gcc-arm-none-eabi-Gl9kT9/gcc-arm-none-eabi-9-2019-q4=. -fstack-protector-strong' CPPFLAGS='-Wdate-time -D_FORTIFY_SOURCE=2' CXXFLAGS='-g -O2 -fdebug-prefix-map=/build/gcc-arm-none-eabi-Gl9kT9/gcc-arm-none-eabi-9-2019-q4=. -fstack-protector-strong' FCFLAGS='-g -O2 -fdebug-prefix-map=/build/gcc-arm-none-eabi-Gl9kT9/gcc-arm-none-eabi-9-2019-q4=. -fstack-protector-strong' FFLAGS='-g -O2 -fdebug-prefix-map=/build/gcc-arm-none-eabi-Gl9kT9/gcc-arm-none-eabi-9-2019-q4=. -fstack-protector-strong' GCJFLAGS='-g -O2 -fdebug-prefix-map=/build/gcc-arm-none-eabi-Gl9kT9/gcc-arm-none-eabi-9-2019-q4=. -fstack-protector-strong' LDFLAGS='-Wl,-Bsymbolic-functions -Wl,-z,relro' OBJCFLAGS='-g -O2 -fdebug-prefix-map=/build/gcc-arm-none-eabi-Gl9kT9/gcc-arm-none-eabi-9-2019-q4=. -fstack-protector-strong' OBJCXXFLAGS='-g -O2 -fdebug-prefix-map=/build/gcc-arm-none-eabi-Gl9kT9/gcc-arm-none-eabi-9-2019-q4=. -fstack-protector-strong' INHIBIT_LIBC_CFLAGS=-DUSE_TM_CLONE_REGISTRY=0 AR_FOR_TARGET=arm-none-eabi-ar AS_FOR_TARGET=arm-none-eabi-as LD_FOR_TARGET=arm-none-eabi-ld NM_FOR_TARGET=arm-none-eabi-nm OBJDUMP_FOR_TARGET=arm-none-eabi-objdump RANLIB_FOR_TARGET=arm-none-eabi-ranlib READELF_FOR_TARGET=arm-none-eabi-readelf STRIP_FOR_TARGET=arm-none-eabi-strip
Thread model: single
gcc version 9.2.1 20191025 (release) [ARM/arm-9-branch revision 277599] (15:9-2019-q4-0ubuntu1) 
COLLECT_GCC_OPTIONS='-v' '-mcpu=cortex-m4' '-mthumb' '-mfpu=fpv4-sp-d16' '-mfloat-abi=hard' '-O2' '-ffunction-sections' '-fdata-sections' '-o' 'CMakeFiles/cmTC_e277d.dir/CMakeCCompilerABI.c.obj' '-c' '-march=armv7e-m+fp'
 /usr/lib/gcc/arm-none-eabi/9.2.1/cc1 -quiet -v -imultilib thumb/v7e-m+fp/hard -D__USES_INITFINI__ /usr/share/cmake-3.16/Modules/CMakeCCompilerABI.c -quiet -dumpbase CMakeCCompilerABI.c -mcpu=cortex-m4 -mthumb -mfpu=fpv4-sp-d16 -mfloat-abi=hard -march=armv7e-m+fp -auxbase-strip CMakeFiles/cmTC_e277d.dir/CMakeCCompilerABI.c.obj -O2 -version -ffunction-sections -fdata-sections -o /tmp/ccdUUqCA.s
GNU C17 (15:9-2019-q4-0ubuntu1) version 9.2.1 20191025 (release) [ARM/arm-9-branch revision 277599] (arm-none-eabi)
	compiled by GNU C version 9.2.1 20200306, GMP version 6.2.0, MPFR version 4.0.2, MPC version 1.1.0, isl version isl-0.22.1-GMP

GGC heuristics: --param ggc-min-expand=100 --param ggc-min-heapsize=131072
ignoring nonexistent directory "/usr/lib/gcc/arm-none-eabi/9.2.1/../../../arm-none-eabi/sys-include"
#include "..." search starts here:
#include <...> search starts here:
 /usr/lib/gcc/arm-none-eabi/9.2.1/include
 /usr/lib/gcc/arm-none-eabi/9.2.1/include-fixed
 /usr/lib/gcc/arm-none-eabi/9.2.1/../../../arm-none-eabi/include
End of search list.
GNU C17 (15:9-2019-q4-0ubuntu1) version 9.2.1 20191025 (release) [ARM/arm-9-branch revision 277599] (arm-none-eabi)
	compiled by GNU C version 9.2.1 20200306, GMP version 6.2.0, MPFR version 4.0.2, MPC version 1.1.0, isl version isl-0.22.1-GMP

GGC heuristics: --param ggc-min-expand=100 --param ggc-min-heapsize=131072
Compiler executable checksum: 66eaa5baf4e6721a1f372763dea5d447
COLLECT_GCC_OPTIONS='-v' '-mcpu=cortex-m4' '-mthumb' '-mfpu=fpv4-sp-d16' '-mfloat-abi=hard' '-O2' '-ffunction-sections' '-fdata-sections' '-o' 'CMakeFiles/cmTC_e277d.dir/CMakeCCompilerABI.c.obj' '-c' '-march=armv7e-m+fp'
 /usr/lib/gcc/arm-none-eabi/9.2.1/../../../arm-none-eabi/bin/as -v -march=armv7e-m -mfloat-abi=hard -mfpu=fpv4-sp-d16 -meabi=5 -o CMakeFiles/cmTC_e277d.dir/CMakeCCompilerABI.c.obj /tmp/ccdUUqCA.s
GNU assembler version 2.34 (arm-none-eabi) using BFD version (2.34-4ubuntu1+13ubuntu1) 2.34
COMPILER_PATH=/usr/lib/gcc/arm-none-eabi/9.2.1/:/usr/lib/gcc/arm-none-eabi/9.2.1/:/usr/lib/gcc/arm-none-eabi/:/usr/lib/gcc/arm-none-eabi/9.2.1/:/usr/lib/gcc/arm-none-eabi/:/usr/lib/gcc/arm-none-eabi/9.2.1/../../../arm-none-eabi/bin/
LIBRARY_PATH=/usr/lib/gcc/arm-none-eabi/9.2.1/thumb/v7e-m+fp/hard/:/usr/lib/gcc/arm-none-eabi/9.2.1/../../../arm-none-eabi/lib/thumb/v7e-m+fp/hard/:/usr/lib/gcc/arm-none-eabi/9.2.1/:/usr/lib/gcc/arm-none-eabi/9.2.1/../../../arm-none-eabi/lib/
COLLECT_GCC_OPTIONS='-v' '-mcpu=cortex-m4' '-mthumb' '-mfpu=fpv4-sp-d16' '-mfloat-abi=hard' '-O2' '-ffunction-sections' '-fdata-sections' '-o' 'CMakeFiles/cmTC_e277d.dir/CMakeCCompilerABI.c.obj' '-c' '-march=armv7e-m+fp'
Linking C static library libcmTC_e277d.a
/usr/bin/cmake -P CMakeFiles/cmTC_e277d.dir/cmake_clean_target.cmake
/usr/bin/cmake -E cmake_link_script CMakeFiles/cmTC_e277d.dir/link.txt --verbose=1
/usr/bin/arm-none-eabi-ar qc libcmTC_e277d.a  CMakeFiles/cmTC_e277d.dir/CMakeCCompilerABI.c.obj
/usr/bin/arm-none-eabi-ranlib libcmTC_e277d.a
make[1]: Leaving directory '/home/yedidia/github/FalconDrone/build/CMakeFiles/CMakeTmp'



Parsed C implicit include dir info from above output: rv=done
  found start of include info
  found start of implicit include info
    add: [/usr/lib/gcc/arm-none-eabi/9.2.1/include]
    add: [/usr/lib/gcc/arm-none-eabi/9.2.1/include-fixed]
    add: [/usr/lib/gcc/arm-none-eabi/9.2.1/../../../arm-none-eabi/include]
  end of search list found
  collapse include dir [/usr/lib/gcc/arm-none-eabi/9.2.1/include] ==> [/usr/lib/gcc/arm-none-eabi/9.2.1/include]
  collapse include dir [/usr/lib/gcc/arm-none-eabi/9.2.1/include-fixed] ==> [/usr/lib/gcc/arm-none-eabi/9.2.1/include-fixed]
  collapse include dir [/usr/lib/gcc/arm-none-eabi/9.2.1/../../../arm-none-eabi/include] ==> [/usr/lib/arm-none-eabi/include]
  implicit include dirs: [/usr/lib/gcc/arm-none-eabi/9.2.1/include;/usr/lib/gcc/arm-none-eabi/9.2.1/include-fixed;/usr/lib/arm-none-eabi/include]


Parsed C implicit link information from above output:
  link line regex: [^( *|.*[/\])(arm-none-eabi-ld|CMAKE_LINK_STARTFILE-NOTFOUND|([^/\]+-)?ld|collect2)[^/\]*( |$)]
  ignore line: [Change Dir: /home/yedidia/github/FalconDrone/build/CMakeFiles/CMakeTmp]
  ignore line: []
  ignore line: [Run Build Command(s):/usr/bin/make cmTC_e277d/fast && /usr/bin/make -f CMakeFiles/cmTC_e277d.dir/build.make CMakeFiles/cmTC_e277d.dir/build]
  ignore line: [make[1]: Entering directory '/home/yedidia/github/FalconDrone/build/CMakeFiles/CMakeTmp']
  ignore line: [Building C object CMakeFiles/cmTC_e277d.dir/CMakeCCompilerABI.c.obj]
  ignore line: [/usr/bin/arm-none-eabi-gcc   -v -mcpu=cortex-m4 -mthumb -mfpu=fpv4-sp-d16 -mfloat-abi=hard -O2 -ffunction-sections -fdata-sections -o CMakeFiles/cmTC_e277d.dir/CMakeCCompilerABI.c.obj   -c /usr/share/cmake-3.16/Modules/CMakeCCompilerABI.c]
  ignore line: [Using built-in specs.]
  ignore line: [COLLECT_GCC=/usr/bin/arm-none-eabi-gcc]
  ignore line: [Target: arm-none-eabi]
  ignore line: [Configured with: ../configure --build=x86_64-linux-gnu --prefix=/usr --includedir='/usr/lib/include' --mandir='/usr/lib/share/man' --infodir='/usr/lib/share/info' --sysconfdir=/etc --localstatedir=/var --disable-silent-rules --libdir='/usr/lib/lib/x86_64-linux-gnu' --libexecdir='/usr/lib/lib/x86_64-linux-gnu' --disable-maintainer-mode --disable-dependency-tracking --mandir=/usr/share/man --enable-languages=c,c++,lto --enable-multilib --disable-decimal-float --disable-libffi --disable-libgomp --disable-libmudflap --disable-libquadmath --disable-libssp --disable-libstdcxx-pch --disable-nls --disable-shared --disable-threads --enable-tls --build=x86_64-linux-gnu --target=arm-none-eabi --with-system-zlib --with-gnu-as --with-gnu-ld --with-pkgversion=15:9-2019-q4-0ubuntu1 --without-included-gettext --prefix=/usr/lib --infodir=/usr/share/doc/gcc-arm-none-eabi/info --htmldir=/usr/share/doc/gcc-arm-none-eabi/html --pdfdir=/usr/share/doc/gcc-arm-none-eabi/pdf --bindir=/usr/bin --libexecdir=/usr/lib --libdir=/usr/lib --disable-libstdc++-v3 --host=x86_64-linux-gnu --with-headers=no --without-newlib --with-multilib-list=rmprofile CFLAGS='-g -O2 -fdebug-prefix-map=/build/gcc-arm-none-eabi-Gl9kT9/gcc-arm-none-eabi-9-2019-q4=. -fstack-protector-strong' CPPFLAGS='-Wdate-time -D_FORTIFY_SOURCE=2' CXXFLAGS='-g -O2 -fdebug-prefix-map=/build/gcc-arm-none-eabi-Gl9kT9/gcc-arm-none-eabi-9-2019-q4=. -fstack-protector-strong' FCFLAGS='-g -O2 -fdebug-prefix-map=/build/gcc-arm-none-eabi-Gl9kT9/gcc-arm-none-eabi-9-2019-q4=. -fstack-protector-strong' FFLAGS='-g -O2 -fdebug-prefix-map=/build/gcc-arm-none-eabi-Gl9kT9/gcc-arm-none-eabi-9-2019-q4=. -fstack-protector-strong' GCJFLAGS='-g -O2 -fdebug-prefix-map=/build/gcc-arm-none-eabi-Gl9kT9/gcc-arm-none-eabi-9-2019-q4=. -fstack-protector-strong' LDFLAGS='-Wl,-Bsymbolic-functions -Wl,-z,relro' OBJCFLAGS='-g -O2 -fdebug-prefix-map=/build/gcc-arm-none-eabi-Gl9kT9/gcc-arm-none-eabi-9-2019-q4=. -fstack-protector-strong' OBJCXXFLAGS='-g -O2 -fdebug-prefix-map=/build/gcc-arm-none-eabi-Gl9kT9/gcc-arm-none-eabi-9-2019-q4=. -fstack-protector-strong' INHIBIT_LIBC_CFLAGS=-DUSE_TM_CLONE_REGISTRY=0 AR_FOR_TARGET=arm-none-eabi-ar AS_FOR_TARGET=arm-none-eabi-as LD_FOR_TARGET=arm-none-eabi-ld NM_FOR_TARGET=arm-none-eabi-nm OBJDUMP_FOR_TARGET=arm-none-eabi-objdump RANLIB_FOR_TARGET=arm-none-eabi-ranlib READELF_FOR_TARGET=arm-none-eabi-readelf STRIP_FOR_TARGET=arm-none-eabi-strip]
  ignore line: [Thread model: single]
  ignore line: [gcc version 9.2.1 20191025 (release) [ARM/arm-9-branch revision 277599] (15:9-2019-q4-0ubuntu1) ]
  ignore line: [COLLECT_GCC_OPTIONS='-v' '-mcpu=cortex-m4' '-mthumb' '-mfpu=fpv4-sp-d16' '-mfloat-abi=hard' '-O2' '-ffunction-sections' '-fdata-sections' '-o' 'CMakeFiles/cmTC_e277d.dir/CMakeCCompilerABI.c.obj' '-c' '-march=armv7e-m+fp']
  ignore line: [ /usr/lib/gcc/arm-none-eabi/9.2.1/cc1 -quiet -v -imultilib thumb/v7e-m+fp/hard -D__USES_INITFINI__ /usr/share/cmake-3.16/Modules/CMakeCCompilerABI.c -quiet -dumpbase CMakeCCompilerABI.c -mcpu=cortex-m4 -mthumb -mfpu=fpv4-sp-d16 -mfloat-abi=hard -march=armv7e-m+fp -auxbase-strip CMakeFiles/cmTC_e277d.dir/CMakeCCompilerABI.c.obj -O2 -version -ffunction-sections -fdata-sections -o /tmp/ccdUUqCA.s]
  ignore line: [GNU C17 (15:9-2019-q4-0ubuntu1) version 9.2.1 20191025 (release) [ARM/arm-9-branch revision 277599] (arm-none-eabi)]
  ignore line: [	compiled by GNU C version 9.2.1 20200306  GMP version 6.2.0  MPFR version 4.0.2  MPC version 1.1.0  isl version isl-0.22.1-GMP]
  ignore line: []
  ignore line: [GGC heuristics: --param ggc-min-expand=100 --param ggc-min-heapsize=131072]
  ignore line: [ignoring nonexistent directory "/usr/lib/gcc/arm-none-eabi/9.2.1/../../../arm-none-eabi/sys-include"]
  ignore line: [#include "..." search starts here:]
  ignore line: [#include <...> search starts here:]
  ignore line: [ /usr/lib/gcc/arm-none-eabi/9.2.1/include]
  ignore line: [ /usr/lib/gcc/arm-none-eabi/9.2.1/include-fixed]
  ignore line: [ /usr/lib/gcc/arm-none-eabi/9.2.1/../../../arm-none-eabi/include]
  ignore line: [End of search list.]
  ignore line: [GNU C17 (15:9-2019-q4-0ubuntu1) version 9.2.1 20191025 (release) [ARM/arm-9-branch revision 277599] (arm-none-eabi)]
  ignore line: [	compiled by GNU C version 9.2.1 20200306  GMP version 6.2.0  MPFR version 4.0.2  MPC version 1.1.0  isl version isl-0.22.1-GMP]
  ignore line: []
  ignore line: [GGC heuristics: --param ggc-min-expand=100 --param ggc-min-heapsize=131072]
  ignore line: [Compiler executable checksum: 66eaa5baf4e6721a1f372763dea5d447]
  ignore line: [COLLECT_GCC_OPTIONS='-v' '-mcpu=cortex-m4' '-mthumb' '-mfpu=fpv4-sp-d16' '-mfloat-abi=hard' '-O2' '-ffunction-sections' '-fdata-sections' '-o' 'CMakeFiles/cmTC_e277d.dir/CMakeCCompilerABI.c.obj' '-c' '-march=armv7e-m+fp']
  ignore line: [ /usr/lib/gcc/arm-none-eabi/9.2.1/../../../arm-none-eabi/bin/as -v -march=armv7e-m -mfloat-abi=hard -mfpu=fpv4-sp-d16 -meabi=5 -o CMakeFiles/cmTC_e277d.dir/CMakeCCompilerABI.c.obj /tmp/ccdUUqCA.s]
  ignore line: [GNU assembler version 2.34 (arm-none-eabi) using BFD version (2.34-4ubuntu1+13ubuntu1) 2.34]
  ignore line: [COMPILER_PATH=/usr/lib/gcc/arm-none-eabi/9.2.1/:/usr/lib/gcc/arm-none-eabi/9.2.1/:/usr/lib/gcc/arm-none-eabi/:/usr/lib/gcc/arm-none-eabi/9.2.1/:/usr/lib/gcc/arm-none-eabi/:/usr/lib/gcc/arm-none-eabi/9.2.1/../../../arm-none-eabi/bin/]
  ignore line: [LIBRARY_PATH=/usr/lib/gcc/arm-none-eabi/9.2.1/thumb/v7e-m+fp/hard/:/usr/lib/gcc/arm-none-eabi/9.2.1/../../../arm-none-eabi/lib/thumb/v7e-m+fp/hard/:/usr/lib/gcc/arm-none-eabi/9.2.1/:/usr/lib/gcc/arm-none-eabi/9.2.1/../../../arm-none-eabi/lib/]
  ignore line: [COLLECT_GCC_OPTIONS='-v' '-mcpu=cortex-m4' '-mthumb' '-mfpu=fpv4-sp-d16' '-mfloat-abi=hard' '-O2' '-ffunction-sections' '-fdata-sections' '-o' 'CMakeFiles/cmTC_e277d.dir/CMakeCCompilerABI.c.obj' '-c' '-march=armv7e-m+fp']
  ignore line: [Linking C static library libcmTC_e277d.a]
  ignore line: [/usr/bin/cmake -P CMakeFiles/cmTC_e277d.dir/cmake_clean_target.cmake]
  ignore line: [/usr/bin/cmake -E cmake_link_script CMakeFiles/cmTC_e277d.dir/link.txt --verbose=1]
  ignore line: [/usr/bin/arm-none-eabi-ar qc libcmTC_e277d.a  CMakeFiles/cmTC_e277d.dir/CMakeCCompilerABI.c.obj]
  ignore line: [/usr/bin/arm-none-eabi-ranlib libcmTC_e277d.a]
  ignore line: [make[1]: Leaving directory '/home/yedidia/github/FalconDrone/build/CMakeFiles/CMakeTmp']
  ignore line: []
  ignore line: []
  implicit libs: []
  implicit dirs: []
  implicit fwks: []


Determining if the CXX compiler works passed with the following output:
Change Dir: /home/yedidia/github/FalconDrone/build/CMakeFiles/CMakeTmp

Run Build Command(s):/usr/bin/make cmTC_43ba7/fast && /usr/bin/make -f CMakeFiles/cmTC_43ba7.dir/build.make CMakeFiles/cmTC_43ba7.dir/build
make[1]: Entering directory '/home/yedidia/github/FalconDrone/build/CMakeFiles/CMakeTmp'
Building CXX object CMakeFiles/cmTC_43ba7.dir/testCXXCompiler.cxx.obj
/usr/bin/arm-none-eabi-g++    -mcpu=cortex-m4 -mthumb -mfpu=fpv4-sp-d16 -mfloat-abi=hard -O2 -ffunction-sections -fdata-sections -o CMakeFiles/cmTC_43ba7.dir/testCXXCompiler.cxx.obj -c /home/yedidia/github/FalconDrone/build/CMakeFiles/CMakeTmp/testCXXCompiler.cxx
Linking CXX static library libcmTC_43ba7.a
/usr/bin/cmake -P CMakeFiles/cmTC_43ba7.dir/cmake_clean_target.cmake
/usr/bin/cmake -E cmake_link_script CMakeFiles/cmTC_43ba7.dir/link.txt --verbose=1
/usr/bin/arm-none-eabi-ar qc libcmTC_43ba7.a  CMakeFiles/cmTC_43ba7.dir/testCXXCompiler.cxx.obj
/usr/bin/arm-none-eabi-ranlib libcmTC_43ba7.a
make[1]: Leaving directory '/home/yedidia/github/FalconDrone/build/CMakeFiles/CMakeTmp'



Detecting CXX compiler ABI info compiled with the following output:
Change Dir: /home/yedidia/github/FalconDrone/build/CMakeFiles/CMakeTmp

Run Build Command(s):/usr/bin/make cmTC_cc959/fast && /usr/bin/make -f CMakeFiles/cmTC_cc959.dir/build.make CMakeFiles/cmTC_cc959.dir/build
make[1]: Entering directory '/home/yedidia/github/FalconDrone/build/CMakeFiles/CMakeTmp'
Building CXX object CMakeFiles/cmTC_cc959.dir/CMakeCXXCompilerABI.cpp.obj
/usr/bin/arm-none-eabi-g++    -v -mcpu=cortex-m4 -mthumb -mfpu=fpv4-sp-d16 -mfloat-abi=hard -O2 -ffunction-sections -fdata-sections -o CMakeFiles/cmTC_cc959.dir/CMakeCXXCompilerABI.cpp.obj -c /usr/share/cmake-3.16/Modules/CMakeCXXCompilerABI.cpp
Using built-in specs.
COLLECT_GCC=/usr/bin/arm-none-eabi-g++
Target: arm-none-eabi
Configured with: ../configure --build=x86_64-linux-gnu --prefix=/usr --includedir='/usr/lib/include' --mandir='/usr/lib/share/man' --infodir='/usr/lib/share/info' --sysconfdir=/etc --localstatedir=/var --disable-silent-rules --libdir='/usr/lib/lib/x86_64-linux-gnu' --libexecdir='/usr/lib/lib/x86_64-linux-gnu' --disable-maintainer-mode --disable-dependency-tracking --mandir=/usr/share/man --enable-languages=c,c++,lto --enable-multilib --disable-decimal-float --disable-libffi --disable-libgomp --disable-libmudflap --disable-libquadmath --disable-libssp --disable-libstdcxx-pch --disable-nls --disable-shared --disable-threads --enable-tls --build=x86_64-linux-gnu --target=arm-none-eabi --with-system-zlib --with-gnu-as --with-gnu-ld --with-pkgversion=15:9-2019-q4-0ubuntu1 --without-included-gettext --prefix=/usr/lib --infodir=/usr/share/doc/gcc-arm-none-eabi/info --htmldir=/usr/share/doc/gcc-arm-none-eabi/html --pdfdir=/usr/share/doc/gcc-arm-none-eabi/pdf --bindir=/usr/bin --libexecdir=/usr/lib --libdir=/usr/lib --disable-libstdc++-v3 --host=x86_64-linux-gnu --with-headers=no --without-newlib --with-multilib-list=rmprofile CFLAGS='-g -O2 -fdebug-prefix-map=/build/gcc-arm-none-eabi-Gl9kT9/gcc-arm-none-eabi-9-2019-q4=. -fstack-protector-strong' CPPFLAGS='-Wdate-time -D_FORTIFY_SOURCE=2' CXXFLAGS='-g -O2 -fdebug-prefix-map=/build/gcc-arm-none-eabi-Gl9kT9/gcc-arm-none-eabi-9-2019-q4=. -fstack-protector-strong' FCFLAGS='-g -O2 -fdebug-prefix-map=/build/gcc-arm-none-eabi-Gl9kT9/gcc-arm-none-eabi-9-2019-q4=. -fstack-protector-strong' FFLAGS='-g -O2 -fdebug-prefix-map=/build/gcc-arm-none-eabi-Gl9kT9/gcc-arm-none-eabi-9-2019-q4=. -fstack-protector-strong' GCJFLAGS='-g -O2 -fdebug-prefix-map=/build/gcc-arm-none-eabi-Gl9kT9/gcc-arm-none-eabi-9-2019-q4=. -fstack-protector-strong' LDFLAGS='-Wl,-Bsymbolic-functions -Wl,-z,relro' OBJCFLAGS='-g -O2 -fdebug-prefix-map=/build/gcc-arm-none-eabi-Gl9kT9/gcc-arm-none-eabi-9-2019-q4=. -fstack-protector-strong' OBJCXXFLAGS='-g -O2 -fdebug-prefix-map=/build/gcc-arm-none-eabi-Gl9kT9/gcc-arm-none-eabi-9-2019-q4=. -fstack-protector-strong' INHIBIT_LIBC_CFLAGS=-DUSE_TM_CLONE_REGISTRY=0 AR_FOR_TARGET=arm-none-eabi-ar AS_FOR_TARGET=arm-none-eabi-as LD_FOR_TARGET=arm-none-eabi-ld NM_FOR_TARGET=arm-none-eabi-nm OBJDUMP_FOR_TARGET=arm-none-eabi-objdump RANLIB_FOR_TARGET=arm-none-eabi-ranlib READELF_FOR_TARGET=arm-none-eabi-readelf STRIP_FOR_TARGET=arm-none-eabi-strip
Thread model: single
gcc version 9.2.1 20191025 (release) [ARM/arm-9-branch revision 277599] (15:9-2019-q4-0ubuntu1) 
COLLECT_GCC_OPTIONS='-v' '-mcpu=cortex-m4' '-mthumb' '-mfpu=fpv4-sp-d16' '-mfloat-abi=hard' '-O2' '-ffunction-sections' '-fdata-sections' '-o' 'CMakeFiles/cmTC_cc959.dir/CMakeCXXCompilerABI.cpp.obj' '-c' '-march=armv7e-m+fp'
 /usr/lib/gcc/arm-none-eabi/9.2.1/cc1plus -quiet -v -imultilib thumb/v7e-m+fp/hard -D__USES_INITFINI__ /usr/share/cmake-3.16/Modules/CMakeCXXCompilerABI.cpp -quiet -dumpbase CMakeCXXCompilerABI.cpp -mcpu=cortex-m4 -mthumb -mfpu=fpv4-sp-d16 -mfloat-abi=hard -march=armv7e-m+fp -auxbase-strip CMakeFiles/cmTC_cc959.dir/CMakeCXXCompilerABI.cpp.obj -O2 -version -ffunction-sections -fdata-sections -o /tmp/ccSTuyjB.s
GNU C++14 (15:9-2019-q4-0ubuntu1) version 9.2.1 20191025 (release) [ARM/arm-9-branch revision 277599] (arm-none-eabi)
	compiled by GNU C version 9.2.1 20200306, GMP version 6.2.0, MPFR version 4.0.2, MPC version 1.1.0, isl version isl-0.22.1-GMP

GGC heuristics: --param ggc-min-expand=100 --param ggc-min-heapsize=131072
ignoring nonexistent directory "/usr/lib/gcc/arm-none-eabi/9.2.1/../../../arm-none-eabi/sys-include"
#include "..." search starts here:
#include <...> search starts here:
 /usr/lib/gcc/arm-none-eabi/9.2.1/../../../arm-none-eabi/include/c++/9.2.1
 /usr/lib/gcc/arm-none-eabi/9.2.1/../../../arm-none-eabi/include/c++/9.2.1/arm-none-eabi/thumb/v7e-m+fp/hard
 /usr/lib/gcc/arm-none-eabi/9.2.1/../../../arm-none-eabi/include/c++/9.2.1/backward
 /usr/lib/gcc/arm-none-eabi/9.2.1/include
 /usr/lib/gcc/arm-none-eabi/9.2.1/include-fixed
 /usr/lib/gcc/arm-none-eabi/9.2.1/../../../arm-none-eabi/include
End of search list.
GNU C++14 (15:9-2019-q4-0ubuntu1) version 9.2.1 20191025 (release) [ARM/arm-9-branch revision 277599] (arm-none-eabi)
	compiled by GNU C version 9.2.1 20200306, GMP version 6.2.0, MPFR version 4.0.2, MPC version 1.1.0, isl version isl-0.22.1-GMP

GGC heuristics: --param ggc-min-expand=100 --param ggc-min-heapsize=131072
Compiler executable checksum: 436e93aa8fa680a3cfe96e9899888e8f
COLLECT_GCC_OPTIONS='-v' '-mcpu=cortex-m4' '-mthumb' '-mfpu=fpv4-sp-d16' '-mfloat-abi=hard' '-O2' '-ffunction-sections' '-fdata-sections' '-o' 'CMakeFiles/cmTC_cc959.dir/CMakeCXXCompilerABI.cpp.obj' '-c' '-march=armv7e-m+fp'
 /usr/lib/gcc/arm-none-eabi/9.2.1/../../../arm-none-eabi/bin/as -v -march=armv7e-m -mfloat-abi=hard -mfpu=fpv4-sp-d16 -meabi=5 -o CMakeFiles/cmTC_cc959.dir/CMakeCXXCompilerABI.cpp.obj /tmp/ccSTuyjB.s
GNU assembler version 2.34 (arm-none-eabi) using BFD version (2.34-4ubuntu1+13ubuntu1) 2.34
COMPILER_PATH=/usr/lib/gcc/arm-none-eabi/9.2.1/:/usr/lib/gcc/arm-none-eabi/9.2.1/:/usr/lib/gcc/arm-none-eabi/:/usr/lib/gcc/arm-none-eabi/9.2.1/:/usr/lib/gcc/arm-none-eabi/:/usr/lib/gcc/arm-none-eabi/9.2.1/../../../arm-none-eabi/bin/
LIBRARY_PATH=/usr/lib/gcc/arm-none-eabi/9.2.1/thumb/v7e-m+fp/hard/:/usr/lib/gcc/arm-none-eabi/9.2.1/../../../arm-none-eabi/lib/thumb/v7e-m+fp/hard/:/usr/lib/gcc/arm-none-eabi/9.2.1/:/usr/lib/gcc/arm-none-eabi/9.2.1/../../../arm-none-eabi/lib/
COLLECT_GCC_OPTIONS='-v' '-mcpu=cortex-m4' '-mthumb' '-mfpu=fpv4-sp-d16' '-mfloat-abi=hard' '-O2' '-ffunction-sections' '-fdata-sections' '-o' 'CMakeFiles/cmTC_cc959.dir/CMakeCXXCompilerABI.cpp.obj' '-c' '-march=armv7e-m+fp'
Linking CXX static library libcmTC_cc959.a
/usr/bin/cmake -P CMakeFiles/cmTC_cc959.dir/cmake_clean_target.cmake
/usr/bin/cmake -E cmake_link_script CMakeFiles/cmTC_cc959.dir/link.txt --verbose=1
/usr/bin/arm-none-eabi-ar qc libcmTC_cc959.a  CMakeFiles/cmTC_cc959.dir/CMakeCXXCompilerABI.cpp.obj
/usr/bin/arm-none-eabi-ranlib libcmTC_cc959.a
make[1]: Leaving directory '/home/yedidia/github/FalconDrone/build/CMakeFiles/CMakeTmp'



Parsed CXX implicit include dir info from above output: rv=done
  found start of include info
  found start of implicit include info
    add: [/usr/lib/gcc/arm-none-eabi/9.2.1/../../../arm-none-eabi/include/c++/9.2.1]
    add: [/usr/lib/gcc/arm-none-eabi/9.2.1/../../../arm-none-eabi/include/c++/9.2.1/arm-none-eabi/thumb/v7e-m+fp/hard]
    add: [/usr/lib/gcc/arm-none-eabi/9.2.1/../../../arm-none-eabi/include/c++/9.2.1/backward]
    add: [/usr/lib/gcc/arm-none-eabi/9.2.1/include]
    add: [/usr/lib/gcc/arm-none-eabi/9.2.1/include-fixed]
    add: [/usr/lib/gcc/arm-none-eabi/9.2.1/../../../arm-none-eabi/include]
  end of search list found
  collapse include dir [/usr/lib/gcc/arm-none-eabi/9.2.1/../../../arm-none-eabi/include/c++/9.2.1] ==> [/usr/lib/arm-none-eabi/include/c++/9.2.1]
  collapse include dir [/usr/lib/gcc/arm-none-eabi/9.2.1/../../../arm-none-eabi/include/c++/9.2.1/arm-none-eabi/thumb/v7e-m+fp/hard] ==> [/usr/lib/arm-none-eabi/include/c++/9.2.1/arm-none-eabi/thumb/v7e-m+fp/hard]
  collapse include dir [/usr/lib/gcc/arm-none-eabi/9.2.1/../../../arm-none-eabi/include/c++/9.2.1/backward] ==> [/usr/lib/arm-none-eabi/include/c++/9.2.1/backward]
  collapse include dir [/usr/lib/gcc/arm-none-eabi/9.2.1/include] ==> [/usr/lib/gcc/arm-none-eabi/9.2.1/include]
  collapse include dir [/usr/lib/gcc/arm-none-eabi/9.2.1/include-fixed] ==> [/usr/lib/gcc/arm-none-eabi/9.2.1/include-fixed]
  collapse include dir [/usr/lib/gcc/arm-none-eabi/9.2.1/../../../arm-none-eabi/include] ==> [/usr/lib/arm-none-eabi/include]
  implicit include dirs: [/usr/lib/arm-none-eabi/include/c++/9.2.1;/usr/lib/arm-none-eabi/include/c++/9.2.1/arm-none-eabi/thumb/v7e-m+fp/hard;/usr/lib/arm-none-eabi/include/c++/9.2.1/backward;/usr/lib/gcc/arm-none-eabi/9.2.1/include;/usr/lib/gcc/arm-none-eabi/9.2.1/include-fixed;/usr/lib/arm-none-eabi/include]


Parsed CXX implicit link information from above output:
  link line regex: [^( *|.*[/\])(arm-none-eabi-ld|CMAKE_LINK_STARTFILE-NOTFOUND|([^/\]+-)?ld|collect2)[^/\]*( |$)]
  ignore line: [Change Dir: /home/yedidia/github/FalconDrone/build/CMakeFiles/CMakeTmp]
  ignore line: []
  ignore line: [Run Build Command(s):/usr/bin/make cmTC_cc959/fast && /usr/bin/make -f CMakeFiles/cmTC_cc959.dir/build.make CMakeFiles/cmTC_cc959.dir/build]
  ignore line: [make[1]: Entering directory '/home/yedidia/github/FalconDrone/build/CMakeFiles/CMakeTmp']
  ignore line: [Building CXX object CMakeFiles/cmTC_cc959.dir/CMakeCXXCompilerABI.cpp.obj]
  ignore line: [/usr/bin/arm-none-eabi-g++    -v -mcpu=cortex-m4 -mthumb -mfpu=fpv4-sp-d16 -mfloat-abi=hard -O2 -ffunction-sections -fdata-sections -o CMakeFiles/cmTC_cc959.dir/CMakeCXXCompilerABI.cpp.obj -c /usr/share/cmake-3.16/Modules/CMakeCXXCompilerABI.cpp]
  ignore line: [Using built-in specs.]
  ignore line: [COLLECT_GCC=/usr/bin/arm-none-eabi-g++]
  ignore line: [Target: arm-none-eabi]
  ignore line: [Configured with: ../configure --build=x86_64-linux-gnu --prefix=/usr --includedir='/usr/lib/include' --mandir='/usr/lib/share/man' --infodir='/usr/lib/share/info' --sysconfdir=/etc --localstatedir=/var --disable-silent-rules --libdir='/usr/lib/lib/x86_64-linux-gnu' --libexecdir='/usr/lib/lib/x86_64-linux-gnu' --disable-maintainer-mode --disable-dependency-tracking --mandir=/usr/share/man --enable-languages=c,c++,lto --enable-multilib --disable-decimal-float --disable-libffi --disable-libgomp --disable-libmudflap --disable-libquadmath --disable-libssp --disable-libstdcxx-pch --disable-nls --disable-shared --disable-threads --enable-tls --build=x86_64-linux-gnu --target=arm-none-eabi --with-system-zlib --with-gnu-as --with-gnu-ld --with-pkgversion=15:9-2019-q4-0ubuntu1 --without-included-gettext --prefix=/usr/lib --infodir=/usr/share/doc/gcc-arm-none-eabi/info --htmldir=/usr/share/doc/gcc-arm-none-eabi/html --pdfdir=/usr/share/doc/gcc-arm-none-eabi/pdf --bindir=/usr/bin --libexecdir=/usr/lib --libdir=/usr/lib --disable-libstdc++-v3 --host=x86_64-linux-gnu --with-headers=no --without-newlib --with-multilib-list=rmprofile CFLAGS='-g -O2 -fdebug-prefix-map=/build/gcc-arm-none-eabi-Gl9kT9/gcc-arm-none-eabi-9-2019-q4=. -fstack-protector-strong' CPPFLAGS='-Wdate-time -D_FORTIFY_SOURCE=2' CXXFLAGS='-g -O2 -fdebug-prefix-map=/build/gcc-arm-none-eabi-Gl9kT9/gcc-arm-none-eabi-9-2019-q4=. -fstack-protector-strong' FCFLAGS='-g -O2 -fdebug-prefix-map=/build/gcc-arm-none-eabi-Gl9kT9/gcc-arm-none-eabi-9-2019-q4=. -fstack-protector-strong' FFLAGS='-g -O2 -fdebug-prefix-map=/build/gcc-arm-none-eabi-Gl9kT9/gcc-arm-none-eabi-9-2019-q4=. -fstack-protector-strong' GCJFLAGS='-g -O2 -fdebug-prefix-map=/build/gcc-arm-none-eabi-Gl9kT9/gcc-arm-none-eabi-9-2019-q4=. -fstack-protector-strong' LDFLAGS='-Wl,-Bsymbolic-functions -Wl,-z,relro' OBJCFLAGS='-g -O2 -fdebug-prefix-map=/build/gcc-arm-none-eabi-Gl9kT9/gcc-arm-none-eabi-9-2019-q4=. -fstack-protector-strong' OBJCXXFLAGS='-g -O2 -fdebug-prefix-map=/build/gcc-arm-none-eabi-Gl9kT9/gcc-arm-none-eabi-9-2019-q4=. -fstack-protector-strong' INHIBIT_LIBC_CFLAGS=-DUSE_TM_CLONE_REGISTRY=0 AR_FOR_TARGET=arm-none-eabi-ar AS_FOR_TARGET=arm-none-eabi-as LD_FOR_TARGET=arm-none-eabi-ld NM_FOR_TARGET=arm-none-eabi-nm OBJDUMP_FOR_TARGET=arm-none-eabi-objdump RANLIB_FOR_TARGET=arm-none-eabi-ranlib READELF_FOR_TARGET=arm-none-eabi-readelf STRIP_FOR_TARGET=arm-none-eabi-strip]
  ignore line: [Thread model: single]
  ignore line: [gcc version 9.2.1 20191025 (release) [ARM/arm-9-branch revision 277599] (15:9-2019-q4-0ubuntu1) ]
  ignore line: [COLLECT_GCC_OPTIONS='-v' '-mcpu=cortex-m4' '-mthumb' '-mfpu=fpv4-sp-d16' '-mfloat-abi=hard' '-O2' '-ffunction-sections' '-fdata-sections' '-o' 'CMakeFiles/cmTC_cc959.dir/CMakeCXXCompilerABI.cpp.obj' '-c' '-march=armv7e-m+fp']
  ignore line: [ /usr/lib/gcc/arm-none-eabi/9.2.1/cc1plus -quiet -v -imultilib thumb/v7e-m+fp/hard -D__USES_INITFINI__ /usr/share/cmake-3.16/Modules/CMakeCXXCompilerABI.cpp -quiet -dumpbase CMakeCXXCompilerABI.cpp -mcpu=cortex-m4 -mthumb -mfpu=fpv4-sp-d16 -mfloat-abi=hard -march=armv7e-m+fp -auxbase-strip CMakeFiles/cmTC_cc959.dir/CMakeCXXCompilerABI.cpp.obj -O2 -version -ffunction-sections -fdata-sections -o /tmp/ccSTuyjB.s]
  ignore line: [GNU C++14 (15:9-2019-q4-0ubuntu1) version 9.2.1 20191025 (release) [ARM/arm-9-branch revision 277599] (arm-none-eabi)]
  ignore line: [	compiled by GNU C version 9.2.1 20200306  GMP version 6.2.0  MPFR version 4.0.2  MPC version 1.1.0  isl version isl-0.22.1-GMP]
  ignore line: []
  ignore line: [GGC heuristics: --param ggc-min-expand=100 --param ggc-min-heapsize=131072]
  ignore line: [ignoring nonexistent directory "/usr/lib/gcc/arm-none-eabi/9.2.1/../../../arm-none-eabi/sys-include"]
  ignore line: [#include "..." search starts here:]
  ignore line: [#include <...> search starts here:]
  ignore line: [ /usr/lib/gcc/arm-none-eabi/9.2.1/../../../arm-none-eabi/include/c++/9.2.1]
  ignore line: [ /usr/lib/gcc/arm-none-eabi/9.2.1/../../../arm-none-eabi/include/c++/9.2.1/arm-none-eabi/thumb/v7e-m+fp/hard]
  ignore line: [ /usr/lib/gcc/arm-none-eabi/9.2.1/../../../arm-none-eabi/include/c++/9.2.1/backward]
  ignore line: [ /usr/lib/gcc/arm-none-eabi/9.2.1/include]
  ignore line: [ /usr/lib/gcc/arm-none-eabi/9.2.1/include-fixed]
  ignore line: [ /usr/lib/gcc/arm-none-eabi/9.2.1/../../../arm-none-eabi/include]
  ignore line: [End of search list.]
  ignore line: [GNU C++14 (15:9-2019-q4-0ubuntu1) version 9.2.1 20191025 (release) [ARM/arm-9-branch revision 277599] (arm-none-eabi)]
  ignore line: [	compiled by GNU C version 9.2.1 20200306  GMP version 6.2.0  MPFR version 4.0.2  MPC version 1.1.0  isl version isl-0.22.1-GMP]
  ignore line: []
  ignore line: [GGC heuristics: --param ggc-min-expand=100 --param ggc-min-heapsize=131072]
  ignore line: [Compiler executable checksum: 436e93aa8fa680a3cfe96e9899888e8f]
  ignore line: [COLLECT_GCC_OPTIONS='-v' '-mcpu=cortex-m4' '-mthumb' '-mfpu=fpv4-sp-d16' '-mfloat-abi=hard' '-O2' '-ffunction-sections' '-fdata-sections' '-o' 'CMakeFiles/cmTC_cc959.dir/CMakeCXXCompilerABI.cpp.obj' '-c' '-march=armv7e-m+fp']
  ignore line: [ /usr/lib/gcc/arm-none-eabi/9.2.1/../../../arm-none-eabi/bin/as -v -march=armv7e-m -mfloat-abi=hard -mfpu=fpv4-sp-d16 -meabi=5 -o CMakeFiles/cmTC_cc959.dir/CMakeCXXCompilerABI.cpp.obj /tmp/ccSTuyjB.s]
  ignore line: [GNU assembler version 2.34 (arm-none-eabi) using BFD version (2.34-4ubuntu1+13ubuntu1) 2.34]
  ignore line: [COMPILER_PATH=/usr/lib/gcc/arm-none-eabi/9.2.1/:/usr/lib/gcc/arm-none-eabi/9.2.1/:/usr/lib/gcc/arm-none-eabi/:/usr/lib/gcc/arm-none-eabi/9.2.1/:/usr/lib/gcc/arm-none-eabi/:/usr/lib/gcc/arm-none-eabi/9.2.1/../../../arm-none-eabi/bin/]
  ignore line: [LIBRARY_PATH=/usr/lib/gcc/arm-none-eabi/9.2.1/thumb/v7e-m+fp/hard/:/usr/lib/gcc/arm-none-eabi/9.2.1/../../../arm-none-eabi/lib/thumb/v7e-m+fp/hard/:/usr/lib/gcc/arm-none-eabi/9.2.1/:/usr/lib/gcc/arm-none-eabi/9.2.1/../../../arm-none-eabi/lib/]
  ignore line: [COLLECT_GCC_OPTIONS='-v' '-mcpu=cortex-m4' '-mthumb' '-mfpu=fpv4-sp-d16' '-mfloat-abi=hard' '-O2' '-ffunction-sections' '-fdata-sections' '-o' 'CMakeFiles/cmTC_cc959.dir/CMakeCXXCompilerABI.cpp.obj' '-c' '-march=armv7e-m+fp']
  ignore line: [Linking CXX static library libcmTC_cc959.a]
  ignore line: [/usr/bin/cmake -P CMakeFiles/cmTC_cc959.dir/cmake_clean_target.cmake]
  ignore line: [/usr/bin/cmake -E cmake_link_script CMakeFiles/cmTC_cc959.dir/link.txt --verbose=1]
  ignore line: [/usr/bin/arm-none-eabi-ar qc libcmTC_cc959.a  CMakeFiles/cmTC_cc959.dir/CMakeCXXCompilerABI.cpp.obj]
  ignore line: [/usr/bin/arm-none-eabi-ranlib libcmTC_cc959.a]
  ignore line: [make[1]: Leaving directory '/home/yedidia/github/FalconDrone/build/CMakeFiles/CMakeTmp']
  ignore line: []
  ignore line: []
  implicit libs: []
  implicit dirs: []
  implicit fwks: []


